

*******************************************************************************
Mon Jul 25 15:50:09 2011


FIT:    data read from 'scan.dat' u 2:3
        #datapoints = 101
        residuals are weighted equally (unit weight)

function used for fitting: g(x)
fitted parameters initialized with current variable values



 Iteration 0
 WSSR        : 236.06            delta(WSSR)/WSSR   : 0
 delta(WSSR) : 0                 limit for stopping : 1e-05
 lambda	  : 0.546137

initial set of free parameter values

a               = 1
b               = 1
c               = 1
d               = 1
e               = 1

After 261 iterations the fit converged.
final sum of squares of residuals : 0.0568305
rel. change during last iteration : -5.53519e-06

degrees of freedom    (FIT_NDF)                        : 96
rms of residuals      (FIT_STDFIT) = sqrt(WSSR/ndf)    : 0.0243307
variance of residuals (reduced chisquare) = WSSR/ndf   : 0.000591984

Final set of parameters            Asymptotic Standard Error
=======================            ==========================

a               = -0.279805        +/- 0.004547     (1.625%)
b               = 55.5744          +/- 122.1        (219.8%)
c               = 4.79588          +/- 23.97        (499.9%)
d               = 31.9135          +/- 698.1        (2187%)
e               = 4.97662          +/- 32.63        (655.6%)


correlation matrix of the fit parameters:

               a      b      c      d      e      
a               1.000 
b              -0.673  1.000 
c               0.610 -0.973  1.000 
d               0.634 -0.987  0.997  1.000 
e              -0.604  0.969 -1.000 -0.996  1.000 
